{
  "UniqueIdentifier": "2025020620250206000000CI050143",
  "MachineName": null,
  "TerminalNumber": 0,
  "Status": 0,
  "CreationDateUtc": "0001-01-01T00:00:00",
  "CreationDate": "0001-01-01T00:00:00",
  "UpdateDateUtc": "0001-01-01T00:00:00",
  "UpdateDate": "0001-01-01T00:00:00",
  "Result": 0,
  "ResultMessage": null,
  "IsCompany": false,
  "CustomerId": "05538535703",
  "CustomerName": "JULIA ABRAA§OS",
  "CustomerAddress": "R. Von Martius",
  "CustomerAddressNumber": "325",
  "CustomerAddressComplement": "903",
  "CustomerNeighborhood": "Jardim Botanico",
  "CustomerCity": "Rio de Janeiro",
  "CustomerState": "RJ",
  "CustomerSpecialInstructions": "<EXPA>PEDIDO : IF-1555<NEXP>\r\nCliente solicita nota fiscal!\r\nTel: 0800 705 4050 ID: 99685447\r\n\r\nEntrega Ifood. Taxa de R$ 8,99 cobrada pelo Ifood.\r\nA taxa adicional de R$ 0,99 foi cobrada diretamente pelo Ifood."
}